<?xml version="1.0" encoding="UTF-8"?>
<!-- Generated by org.testng.reporters.JUnitXMLReporter -->
<testsuite ignored="0" hostname="DESKTOP-E42SMQE" failures="0" tests="4" name="Home page" time="130.793" errors="0" timestamp="2022-02-11T10:28:43 IST">
  <testcase classname="TestCases.HomePageTest" name="verifyCurrencyDropDownDisplayTest" time="1.653"/>
  <testcase classname="TestCases.HomePageTest" name="verifyHomePageTitleTest" time="0.05"/>
  <testcase classname="TestCases.HomePageTest" name="verifySearchBoxIsDisplayedTest" time="0.111"/>
  <testcase classname="TestCases.HomePageTest" name="verifySearchButtonDisplayedTest" time="0.163"/>
</testsuite> <!-- Home page -->
