<?xml version="1.0" encoding="UTF-8"?>
<!-- Generated by org.testng.reporters.JUnitXMLReporter -->
<testsuite ignored="0" hostname="DESKTOP-E42SMQE" failures="0" tests="5" name="Default test" time="61.049" errors="0" timestamp="2022-02-10T11:04:57 IST">
  <testcase classname="TestCases.RegistratinTest" name="userRegistrationTest" time="5.623"/>
  <testcase classname="TestCases.RegistratinTest" name="userRegistrationTest" time="5.568"/>
  <testcase classname="TestCases.RegistratinTest" name="userRegistrationTest" time="5.576"/>
  <testcase classname="TestCases.RegistratinTest" name="userRegistrationTest" time="5.837"/>
  <testcase classname="TestCases.RegistratinTest" name="userRegistrationTest" time="5.607"/>
</testsuite> <!-- Default test -->
