<?xml version="1.0" encoding="UTF-8"?>
<!-- Generated by org.testng.reporters.JUnitXMLReporter -->
<testsuite ignored="0" hostname="DESKTOP-E42SMQE" failures="0" tests="5" name="Default test" time="53.421" errors="0" timestamp="2022-02-11T10:39:07 IST">
  <testcase classname="TestCases.LoginTst" name="doLoginWithValodValidCredntials" time="4.922"/>
  <testcase classname="TestCases.LoginTst" name="doLoginWithinValodValidCredntialsWithValidUsernameAndInvalidPassword" time="3.781"/>
  <testcase classname="TestCases.LoginTst" name="verifyForgetPasswordLink" time="1.735"/>
  <testcase classname="TestCases.LoginTst" name="verifyLoginPageTest" time="1.718"/>
  <testcase classname="TestCases.LoginTst" name="verifyReturningCustmertextTest" time="1.744"/>
</testsuite> <!-- Default test -->
