<?xml version="1.0" encoding="UTF-8"?>
<testng-results ignored="0" total="5" passed="5" failed="0" skipped="0">
  <reporter-output>
  </reporter-output>
  <suite started-at="2022-02-10T11:03:56 IST" name="Default suite" finished-at="2022-02-10T11:04:57 IST" duration-ms="61049">
    <groups>
    </groups>
    <test started-at="2022-02-10T11:03:56 IST" name="Default test" finished-at="2022-02-10T11:04:57 IST" duration-ms="61049">
      <class name="TestCases.RegistratinTest">
        <test-method is-config="true" signature="initilizeBrwser()[pri:0, instance:TestCases.RegistratinTest@10163d6]" started-at="2022-02-10T11:03:57 IST" name="initilizeBrwser" finished-at="2022-02-10T11:04:04 IST" duration-ms="7194" status="PASS">
          <reporter-output>
          </reporter-output>
        </test-method> <!-- initilizeBrwser -->
        <test-method signature="userRegistrationTest(java.lang.String,java.lang.String,java.lang.String,java.lang.String,java.lang.String,java.lang.String)[pri:0, instance:TestCases.RegistratinTest@10163d6]" started-at="2022-02-10T11:04:04 IST" name="userRegistrationTest" data-provider="gettestdata" finished-at="2022-02-10T11:04:10 IST" duration-ms="5623" status="PASS">
          <params>
            <param index="0">
              <value>
                <![CDATA[Venkat]]>
              </value>
            </param>
            <param index="1">
              <value>
                <![CDATA[SSS]]>
              </value>
            </param>
            <param index="2">
              <value>
                <![CDATA[8564587@abc.com]]>
              </value>
            </param>
            <param index="3">
              <value>
                <![CDATA[8.596985698E9]]>
              </value>
            </param>
            <param index="4">
              <value>
                <![CDATA[Reddy@7678]]>
              </value>
            </param>
            <param index="5">
              <value>
                <![CDATA[yes]]>
              </value>
            </param>
          </params>
          <reporter-output>
          </reporter-output>
        </test-method> <!-- userRegistrationTest -->
        <test-method is-config="true" signature="tearDown()[pri:0, instance:TestCases.RegistratinTest@10163d6]" started-at="2022-02-10T11:04:10 IST" name="tearDown" finished-at="2022-02-10T11:04:11 IST" duration-ms="523" status="PASS">
          <reporter-output>
          </reporter-output>
        </test-method> <!-- tearDown -->
        <test-method is-config="true" signature="initilizeBrwser()[pri:0, instance:TestCases.RegistratinTest@10163d6]" started-at="2022-02-10T11:04:11 IST" name="initilizeBrwser" finished-at="2022-02-10T11:04:16 IST" duration-ms="5648" status="PASS">
          <reporter-output>
          </reporter-output>
        </test-method> <!-- initilizeBrwser -->
        <test-method signature="userRegistrationTest(java.lang.String,java.lang.String,java.lang.String,java.lang.String,java.lang.String,java.lang.String)[pri:0, instance:TestCases.RegistratinTest@10163d6]" started-at="2022-02-10T11:04:16 IST" name="userRegistrationTest" data-provider="gettestdata" finished-at="2022-02-10T11:04:22 IST" duration-ms="5568" status="PASS">
          <params>
            <param index="0">
              <value>
                <![CDATA[Snil]]>
              </value>
            </param>
            <param index="1">
              <value>
                <![CDATA[KK]]>
              </value>
            </param>
            <param index="2">
              <value>
                <![CDATA[suni53@abc.com]]>
              </value>
            </param>
            <param index="3">
              <value>
                <![CDATA[8.520369741E9]]>
              </value>
            </param>
            <param index="4">
              <value>
                <![CDATA[123456@abc]]>
              </value>
            </param>
            <param index="5">
              <value>
                <![CDATA[no]]>
              </value>
            </param>
          </params>
          <reporter-output>
          </reporter-output>
        </test-method> <!-- userRegistrationTest -->
        <test-method is-config="true" signature="tearDown()[pri:0, instance:TestCases.RegistratinTest@10163d6]" started-at="2022-02-10T11:04:22 IST" name="tearDown" finished-at="2022-02-10T11:04:22 IST" duration-ms="415" status="PASS">
          <reporter-output>
          </reporter-output>
        </test-method> <!-- tearDown -->
        <test-method is-config="true" signature="initilizeBrwser()[pri:0, instance:TestCases.RegistratinTest@10163d6]" started-at="2022-02-10T11:04:22 IST" name="initilizeBrwser" finished-at="2022-02-10T11:04:28 IST" duration-ms="5347" status="PASS">
          <reporter-output>
          </reporter-output>
        </test-method> <!-- initilizeBrwser -->
        <test-method signature="userRegistrationTest(java.lang.String,java.lang.String,java.lang.String,java.lang.String,java.lang.String,java.lang.String)[pri:0, instance:TestCases.RegistratinTest@10163d6]" started-at="2022-02-10T11:04:28 IST" name="userRegistrationTest" data-provider="gettestdata" finished-at="2022-02-10T11:04:33 IST" duration-ms="5576" status="PASS">
          <params>
            <param index="0">
              <value>
                <![CDATA[Gopi]]>
              </value>
            </param>
            <param index="1">
              <value>
                <![CDATA[MMM]]>
              </value>
            </param>
            <param index="2">
              <value>
                <![CDATA[gpiertr@abc.com]]>
              </value>
            </param>
            <param index="3">
              <value>
                <![CDATA[7.458961236E9]]>
              </value>
            </param>
            <param index="4">
              <value>
                <![CDATA[123548@abc]]>
              </value>
            </param>
            <param index="5">
              <value>
                <![CDATA[yes]]>
              </value>
            </param>
          </params>
          <reporter-output>
          </reporter-output>
        </test-method> <!-- userRegistrationTest -->
        <test-method is-config="true" signature="tearDown()[pri:0, instance:TestCases.RegistratinTest@10163d6]" started-at="2022-02-10T11:04:33 IST" name="tearDown" finished-at="2022-02-10T11:04:34 IST" duration-ms="519" status="PASS">
          <reporter-output>
          </reporter-output>
        </test-method> <!-- tearDown -->
        <test-method is-config="true" signature="initilizeBrwser()[pri:0, instance:TestCases.RegistratinTest@10163d6]" started-at="2022-02-10T11:04:34 IST" name="initilizeBrwser" finished-at="2022-02-10T11:04:39 IST" duration-ms="5492" status="PASS">
          <reporter-output>
          </reporter-output>
        </test-method> <!-- initilizeBrwser -->
        <test-method signature="userRegistrationTest(java.lang.String,java.lang.String,java.lang.String,java.lang.String,java.lang.String,java.lang.String)[pri:0, instance:TestCases.RegistratinTest@10163d6]" started-at="2022-02-10T11:04:39 IST" name="userRegistrationTest" data-provider="gettestdata" finished-at="2022-02-10T11:04:45 IST" duration-ms="5837" status="PASS">
          <params>
            <param index="0">
              <value>
                <![CDATA[Raja]]>
              </value>
            </param>
            <param index="1">
              <value>
                <![CDATA[KKKK]]>
              </value>
            </param>
            <param index="2">
              <value>
                <![CDATA[rajakkk@abc.com]]>
              </value>
            </param>
            <param index="3">
              <value>
                <![CDATA[8.596741236E9]]>
              </value>
            </param>
            <param index="4">
              <value>
                <![CDATA[abc@123]]>
              </value>
            </param>
            <param index="5">
              <value>
                <![CDATA[No]]>
              </value>
            </param>
          </params>
          <reporter-output>
          </reporter-output>
        </test-method> <!-- userRegistrationTest -->
        <test-method is-config="true" signature="tearDown()[pri:0, instance:TestCases.RegistratinTest@10163d6]" started-at="2022-02-10T11:04:45 IST" name="tearDown" finished-at="2022-02-10T11:04:46 IST" duration-ms="485" status="PASS">
          <reporter-output>
          </reporter-output>
        </test-method> <!-- tearDown -->
        <test-method is-config="true" signature="initilizeBrwser()[pri:0, instance:TestCases.RegistratinTest@10163d6]" started-at="2022-02-10T11:04:46 IST" name="initilizeBrwser" finished-at="2022-02-10T11:04:51 IST" duration-ms="5611" status="PASS">
          <reporter-output>
          </reporter-output>
        </test-method> <!-- initilizeBrwser -->
        <test-method signature="userRegistrationTest(java.lang.String,java.lang.String,java.lang.String,java.lang.String,java.lang.String,java.lang.String)[pri:0, instance:TestCases.RegistratinTest@10163d6]" started-at="2022-02-10T11:04:51 IST" name="userRegistrationTest" data-provider="gettestdata" finished-at="2022-02-10T11:04:57 IST" duration-ms="5607" status="PASS">
          <params>
            <param index="0">
              <value>
                <![CDATA[Ravi]]>
              </value>
            </param>
            <param index="1">
              <value>
                <![CDATA[kiran]]>
              </value>
            </param>
            <param index="2">
              <value>
                <![CDATA[rahi@abc.com]]>
              </value>
            </param>
            <param index="3">
              <value>
                <![CDATA[7.89546213E9]]>
              </value>
            </param>
            <param index="4">
              <value>
                <![CDATA[6789@asdf]]>
              </value>
            </param>
            <param index="5">
              <value>
                <![CDATA[Yes]]>
              </value>
            </param>
          </params>
          <reporter-output>
          </reporter-output>
        </test-method> <!-- userRegistrationTest -->
        <test-method is-config="true" signature="tearDown()[pri:0, instance:TestCases.RegistratinTest@10163d6]" started-at="2022-02-10T11:04:57 IST" name="tearDown" finished-at="2022-02-10T11:04:57 IST" duration-ms="453" status="PASS">
          <reporter-output>
          </reporter-output>
        </test-method> <!-- tearDown -->
      </class> <!-- TestCases.RegistratinTest -->
    </test> <!-- Default test -->
  </suite> <!-- Default suite -->
</testng-results>
