<?xml version="1.0" encoding="UTF-8"?>
<testng-results ignored="0" total="5" passed="5" failed="0" skipped="0">
  <reporter-output>
  </reporter-output>
  <suite started-at="2022-02-11T10:38:14 IST" name="Default suite" finished-at="2022-02-11T10:39:07 IST" duration-ms="53421">
    <groups>
    </groups>
    <test started-at="2022-02-11T10:38:14 IST" name="Default test" finished-at="2022-02-11T10:39:07 IST" duration-ms="53421">
      <class name="TestCases.LoginTst">
        <test-method is-config="true" signature="initilizeBrwser()[pri:0, instance:TestCases.LoginTst@306f16f3]" started-at="2022-02-11T10:38:14 IST" name="initilizeBrwser" finished-at="2022-02-11T10:38:23 IST" duration-ms="8763" status="PASS">
          <reporter-output>
          </reporter-output>
        </test-method> <!-- initilizeBrwser -->
        <test-method signature="doLoginWithValodValidCredntials()[pri:0, instance:TestCases.LoginTst@306f16f3]" started-at="2022-02-11T10:38:23 IST" name="doLoginWithValodValidCredntials" finished-at="2022-02-11T10:38:27 IST" duration-ms="4922" status="PASS">
          <reporter-output>
          </reporter-output>
        </test-method> <!-- doLoginWithValodValidCredntials -->
        <test-method is-config="true" signature="tearDown()[pri:0, instance:TestCases.LoginTst@306f16f3]" started-at="2022-02-11T10:38:28 IST" name="tearDown" finished-at="2022-02-11T10:38:28 IST" duration-ms="456" status="PASS">
          <reporter-output>
          </reporter-output>
        </test-method> <!-- tearDown -->
        <test-method is-config="true" signature="initilizeBrwser()[pri:0, instance:TestCases.LoginTst@306f16f3]" started-at="2022-02-11T10:38:28 IST" name="initilizeBrwser" finished-at="2022-02-11T10:38:35 IST" duration-ms="6571" status="PASS">
          <reporter-output>
          </reporter-output>
        </test-method> <!-- initilizeBrwser -->
        <test-method signature="doLoginWithinValodValidCredntialsWithValidUsernameAndInvalidPassword()[pri:0, instance:TestCases.LoginTst@306f16f3]" started-at="2022-02-11T10:38:35 IST" name="doLoginWithinValodValidCredntialsWithValidUsernameAndInvalidPassword" finished-at="2022-02-11T10:38:38 IST" duration-ms="3781" status="PASS">
          <reporter-output>
          </reporter-output>
        </test-method> <!-- doLoginWithinValodValidCredntialsWithValidUsernameAndInvalidPassword -->
        <test-method is-config="true" signature="tearDown()[pri:0, instance:TestCases.LoginTst@306f16f3]" started-at="2022-02-11T10:38:38 IST" name="tearDown" finished-at="2022-02-11T10:38:39 IST" duration-ms="420" status="PASS">
          <reporter-output>
          </reporter-output>
        </test-method> <!-- tearDown -->
        <test-method is-config="true" signature="initilizeBrwser()[pri:0, instance:TestCases.LoginTst@306f16f3]" started-at="2022-02-11T10:38:39 IST" name="initilizeBrwser" finished-at="2022-02-11T10:38:47 IST" duration-ms="8301" status="PASS">
          <reporter-output>
          </reporter-output>
        </test-method> <!-- initilizeBrwser -->
        <test-method signature="verifyForgetPasswordLink()[pri:0, instance:TestCases.LoginTst@306f16f3]" started-at="2022-02-11T10:38:47 IST" name="verifyForgetPasswordLink" finished-at="2022-02-11T10:38:49 IST" duration-ms="1735" status="PASS">
          <reporter-output>
          </reporter-output>
        </test-method> <!-- verifyForgetPasswordLink -->
        <test-method is-config="true" signature="tearDown()[pri:0, instance:TestCases.LoginTst@306f16f3]" started-at="2022-02-11T10:38:49 IST" name="tearDown" finished-at="2022-02-11T10:38:49 IST" duration-ms="392" status="PASS">
          <reporter-output>
          </reporter-output>
        </test-method> <!-- tearDown -->
        <test-method is-config="true" signature="initilizeBrwser()[pri:0, instance:TestCases.LoginTst@306f16f3]" started-at="2022-02-11T10:38:49 IST" name="initilizeBrwser" finished-at="2022-02-11T10:38:56 IST" duration-ms="7193" status="PASS">
          <reporter-output>
          </reporter-output>
        </test-method> <!-- initilizeBrwser -->
        <test-method signature="verifyLoginPageTest()[pri:0, instance:TestCases.LoginTst@306f16f3]" started-at="2022-02-11T10:38:56 IST" name="verifyLoginPageTest" finished-at="2022-02-11T10:38:58 IST" duration-ms="1718" status="PASS">
          <reporter-output>
          </reporter-output>
        </test-method> <!-- verifyLoginPageTest -->
        <test-method is-config="true" signature="tearDown()[pri:0, instance:TestCases.LoginTst@306f16f3]" started-at="2022-02-11T10:38:58 IST" name="tearDown" finished-at="2022-02-11T10:38:59 IST" duration-ms="440" status="PASS">
          <reporter-output>
          </reporter-output>
        </test-method> <!-- tearDown -->
        <test-method is-config="true" signature="initilizeBrwser()[pri:0, instance:TestCases.LoginTst@306f16f3]" started-at="2022-02-11T10:38:59 IST" name="initilizeBrwser" finished-at="2022-02-11T10:39:05 IST" duration-ms="6316" status="PASS">
          <reporter-output>
          </reporter-output>
        </test-method> <!-- initilizeBrwser -->
        <test-method signature="verifyReturningCustmertextTest()[pri:0, instance:TestCases.LoginTst@306f16f3]" started-at="2022-02-11T10:39:05 IST" name="verifyReturningCustmertextTest" finished-at="2022-02-11T10:39:07 IST" duration-ms="1744" status="PASS">
          <reporter-output>
          </reporter-output>
        </test-method> <!-- verifyReturningCustmertextTest -->
        <test-method is-config="true" signature="tearDown()[pri:0, instance:TestCases.LoginTst@306f16f3]" started-at="2022-02-11T10:39:07 IST" name="tearDown" finished-at="2022-02-11T10:39:07 IST" duration-ms="560" status="PASS">
          <reporter-output>
          </reporter-output>
        </test-method> <!-- tearDown -->
      </class> <!-- TestCases.LoginTst -->
    </test> <!-- Default test -->
  </suite> <!-- Default suite -->
</testng-results>
